<?xml version="1.0" encoding="UTF-8"?>
<!-- Generated by org.testng.reporters.JUnitReportReporter -->
<testsuite hostname="MOT-32333-L" failures="0" tests="3" name="nadeem.chrome" time="2.528" errors="0" timestamp="2025-10-31T19:32:24 IST" skipped="0">
  <testcase classname="nadeem.chrome" name="login" time="2.086"/>
  <testcase classname="nadeem.chrome" name="scroll" time="0.176"/>
  <testcase classname="nadeem.chrome" name="mousehoverelement" time="0.266">
    <system-out>
      <![CDATA[<h3>chrome</h3><table border='1' style='border-collapse: collapse; width: 75%; text-align: center;'><tr><th>Sr. No</th><th>Test Case</th><th>Status</th><th>Time Taken (ms)</th></tr><tr><td>1</td><td>user login</td><td style='background-color: green;color: white; font-weight: bold;'>Pass</td><td>51</td></tr><tr><td>2</td><td>User is able to scroll</td><td style='background-color: green;color: white; font-weight: bold;'>Pass</td><td>74</td></tr><tr><td>3</td><td>usermousehover on element</td><td style='background-color: green;color: white; font-weight: bold;'>Pass</td><td>48</td></tr></table>]]>
    </system-out>
  </testcase> <!-- mousehoverelement -->
  <system-out>
    <![CDATA[<h3>chrome</h3><table border='1' style='border-collapse: collapse; width: 75%; text-align: center;'><tr><th>Sr. No</th><th>Test Case</th><th>Status</th><th>Time Taken (ms)</th></tr><tr><td>1</td><td>user login</td><td style='background-color: green;color: white; font-weight: bold;'>Pass</td><td>51</td></tr><tr><td>2</td><td>User is able to scroll</td><td style='background-color: green;color: white; font-weight: bold;'>Pass</td><td>74</td></tr><tr><td>3</td><td>usermousehover on element</td><td style='background-color: green;color: white; font-weight: bold;'>Pass</td><td>48</td></tr></table>]]>
  </system-out>
</testsuite> <!-- nadeem.chrome -->
