<?xml version="1.0" encoding="UTF-8"?>
<!-- Generated by org.testng.reporters.JUnitReportReporter -->
<testsuite hostname="MOT-32333-L" failures="0" tests="3" name="nadeem.chromeII" time="3.149" errors="0" timestamp="2025-10-30T11:47:22 IST" skipped="0">
  <testcase classname="nadeem.chromeII" name="test1" time="2.553"/>
  <testcase classname="nadeem.chromeII" name="test2" time="0.148"/>
  <testcase classname="nadeem.chromeII" name="Android" time="0.448">
    <system-out>
      <![CDATA[<h3>Module2</h3><table border='1' style='border-collapse: collapse; width: 75%; text-align: center;'><tr><th>Sr. No</th><th>Test Case</th><th>Status</th><th>Time Taken (ms)</th></tr><tr><td>1</td><td>This is test 1</td><td style='background-color: red;color: white; font-weight: bold;'>Fail</td><td>1000</td></tr><tr><td>2</td><td>This is test 2</td><td style='background-color: green;color: white; font-weight: bold;'>Pass</td><td>1000</td></tr><tr><td>3</td><td>This is test 3</td><td style='background-color: red;color: white; font-weight: bold;'>Fail</td><td>1000</td></tr></table>]]>
    </system-out>
  </testcase> <!-- Android -->
  <system-out>
    <![CDATA[<h3>Module2</h3><table border='1' style='border-collapse: collapse; width: 75%; text-align: center;'><tr><th>Sr. No</th><th>Test Case</th><th>Status</th><th>Time Taken (ms)</th></tr><tr><td>1</td><td>This is test 1</td><td style='background-color: red;color: white; font-weight: bold;'>Fail</td><td>1000</td></tr><tr><td>2</td><td>This is test 2</td><td style='background-color: green;color: white; font-weight: bold;'>Pass</td><td>1000</td></tr><tr><td>3</td><td>This is test 3</td><td style='background-color: red;color: white; font-weight: bold;'>Fail</td><td>1000</td></tr></table>]]>
  </system-out>
</testsuite> <!-- nadeem.chromeII -->
