<?xml version="1.0" encoding="UTF-8"?>
<!-- Generated by org.testng.reporters.JUnitReportReporter -->
<testsuite hostname="DESKTOP-BDA6GR0" failures="0" tests="3" name="nadeem.edge" time="0.295" errors="0" timestamp="2025-10-28T20:08:35 IST" skipped="0">
  <testcase classname="nadeem.edge" name="test1" time="0.092"/>
  <testcase classname="nadeem.edge" name="test2" time="0.017"/>
  <testcase classname="nadeem.edge" name="Ios" time="0.186">
    <system-out>
      <![CDATA[<h3>Test Results for Edge</h3><table border='1' style='border-collapse: collapse; width: 75%; text-align: center;'><tr><th>Sr. No</th><th>Test Case</th><th>Status</th><th>Time Taken (ms)</th></tr><tr><td>1</td><td>This is test 1</td><td style='background-color: green;color: white; font-weight: bold;'>Pass</td><td>1000</td></tr><tr><td>2</td><td>This is test 2</td><td style='background-color: green;color: white; font-weight: bold;'>Pass</td><td>1000</td></tr><tr><td>3</td><td>This is test 3</td><td style='background-color: red;color: white; font-weight: bold;'>Fail</td><td>1000</td></tr></table>]]>
    </system-out>
  </testcase> <!-- Ios -->
  <system-out>
    <![CDATA[<h3>Test Results for Edge</h3><table border='1' style='border-collapse: collapse; width: 75%; text-align: center;'><tr><th>Sr. No</th><th>Test Case</th><th>Status</th><th>Time Taken (ms)</th></tr><tr><td>1</td><td>This is test 1</td><td style='background-color: green;color: white; font-weight: bold;'>Pass</td><td>1000</td></tr><tr><td>2</td><td>This is test 2</td><td style='background-color: green;color: white; font-weight: bold;'>Pass</td><td>1000</td></tr><tr><td>3</td><td>This is test 3</td><td style='background-color: red;color: white; font-weight: bold;'>Fail</td><td>1000</td></tr></table>
<h3>Test Results frome chrome II</h3><table border='1' style='border-collapse: collapse; width: 75%; text-align: center;'><tr><th>Sr. No</th><th>Test Case</th><th>Status</th><th>Time Taken (ms)</th></tr><tr><td>1</td><td>This is test 1</td><td style='background-color: green;color: white; font-weight: bold;'>Pass</td><td>1000</td></tr><tr><td>2</td><td>This is test 2</td><td style='background-color: green;color: white; font-weight: bold;'>Pass</td><td>1000</td></tr><tr><td>3</td><td>This is test 3</td><td style='background-color: red;color: white; font-weight: bold;'>Fail</td><td>1000</td></tr></table>
<h3>Test Results from chrome</h3><table border='1' style='border-collapse: collapse; width: 75%; text-align: center;'><tr><th>Sr. No</th><th>Test Case</th><th>Status</th><th>Time Taken (ms)</th></tr><tr><td>1</td><td>This is test 1</td><td style='background-color: green;color: white; font-weight: bold;'>Pass</td><td>1000</td></tr><tr><td>2</td><td>This is test 2</td><td style='background-color: green;color: white; font-weight: bold;'>Pass</td><td>1000</td></tr><tr><td>3</td><td>This is test 3</td><td style='background-color: red;color: white; font-weight: bold;'>Fail</td><td>1000</td></tr></table>]]>
  </system-out>
</testsuite> <!-- nadeem.edge -->
